<?xml version="1.0" encoding="UTF-8"?>
<!-- Generated by org.testng.reporters.JUnitXMLReporter -->
<testsuite hostname="NACTS-081729" name="ChromeTest" tests="7" failures="0" timestamp="12 Aug 2016 21:48:57 GMT" time="148.717" errors="0">
  <testcase name="accountLockoutTest" time="14.709" classname="automationFramework.TestCases.SecurityTest"/>
  <testcase name="clickJackTest" time="26.386" classname="automationFramework.TestCases.SecurityTest"/>
  <testcase name="creditCardDisplayTest" time="18.385" classname="automationFramework.TestCases.SecurityTest"/>
  <testcase name="passwordMaskedTest" time="18.503" classname="automationFramework.TestCases.SecurityTest"/>
  <testcase name="passwordRequirementsTest" time="19.21" classname="automationFramework.TestCases.SecurityTest"/>
  <testcase name="sessionExpiresTest" time="13.201" classname="automationFramework.TestCases.SecurityTest"/>
  <testcase name="sessionExpiresTest" time="7.977" classname="automationFramework.TestCases.SecurityTest2"/>
</testsuite> <!-- ChromeTest -->
