<?xml version="1.0" encoding="UTF-8"?>
<!-- Generated by org.testng.reporters.JUnitXMLReporter -->
<testsuite hostname="NACTS-081729" name="ChromeTest" tests="6" failures="0" timestamp="11 Aug 2016 23:09:45 GMT" time="133.388" errors="0">
  <testcase name="accountLockoutTest" time="16.915" classname="automationFramework.TestCases.SecurityTest"/>
  <testcase name="clickJackTest" time="23.157" classname="automationFramework.TestCases.SecurityTest"/>
  <testcase name="creditCardDisplayTest" time="20.872" classname="automationFramework.TestCases.SecurityTest"/>
  <testcase name="passwordMaskedTest" time="16.029" classname="automationFramework.TestCases.SecurityTest"/>
  <testcase name="passwordRequirementsTest" time="18.55" classname="automationFramework.TestCases.SecurityTest"/>
  <testcase name="sessionExpiresTest" time="13.231" classname="automationFramework.TestCases.SecurityTest"/>
</testsuite> <!-- ChromeTest -->
