<?xml version="1.0" encoding="UTF-8"?>
<testng-results skipped="0" failed="0" total="6" passed="6">
  <reporter-output>
    <line>
      <![CDATA[TearDown Complete]]>
    </line>
    <line>
      <![CDATA[TearDown Complete]]>
    </line>
    <line>
      <![CDATA[TearDown Complete]]>
    </line>
    <line>
      <![CDATA[TearDown Complete]]>
    </line>
    <line>
      <![CDATA[TearDown Complete]]>
    </line>
    <line>
      <![CDATA[TearDown Complete]]>
    </line>
  </reporter-output>
  <suite name="Automation - Suite" duration-ms="167665" started-at="2016-08-12T15:28:45Z" finished-at="2016-08-12T15:31:33Z">
    <groups>
    </groups>
    <test name="ChromeTest" duration-ms="167665" started-at="2016-08-12T15:28:45Z" finished-at="2016-08-12T15:31:33Z">
      <class name="automationFramework.TestCases.SecurityTest">
        <test-method status="PASS" signature="setUp(java.lang.String)[pri:0, instance:automationFramework.TestCases.SecurityTest@3159c4b8]" name="setUp" is-config="true" duration-ms="9556" started-at="2016-08-12T08:28:45Z" finished-at="2016-08-12T08:28:55Z">
          <params>
            <param index="0">
              <value>
                <![CDATA[chrome.exe]]>
              </value>
            </param>
          </params>
          <reporter-output>
          </reporter-output>
        </test-method> <!-- setUp -->
        <test-method status="PASS" signature="accountLockoutTest()[pri:0, instance:automationFramework.TestCases.SecurityTest@3159c4b8]" name="accountLockoutTest" duration-ms="35971" started-at="2016-08-12T08:28:55Z" finished-at="2016-08-12T08:29:31Z">
          <reporter-output>
          </reporter-output>
        </test-method> <!-- accountLockoutTest -->
        <test-method status="PASS" signature="tearDown()[pri:0, instance:automationFramework.TestCases.SecurityTest@3159c4b8]" name="tearDown" is-config="true" duration-ms="1101" started-at="2016-08-12T08:29:31Z" finished-at="2016-08-12T08:29:32Z">
          <reporter-output>
            <line>
              <![CDATA[TearDown Complete]]>
            </line>
          </reporter-output>
        </test-method> <!-- tearDown -->
        <test-method status="PASS" signature="setUp(java.lang.String)[pri:0, instance:automationFramework.TestCases.SecurityTest@3159c4b8]" name="setUp" is-config="true" duration-ms="2799" started-at="2016-08-12T08:29:32Z" finished-at="2016-08-12T08:29:35Z">
          <params>
            <param index="0">
              <value>
                <![CDATA[chrome.exe]]>
              </value>
            </param>
          </params>
          <reporter-output>
          </reporter-output>
        </test-method> <!-- setUp -->
        <test-method status="PASS" signature="clickJackTest()[pri:0, instance:automationFramework.TestCases.SecurityTest@3159c4b8]" name="clickJackTest" duration-ms="26931" started-at="2016-08-12T08:29:35Z" finished-at="2016-08-12T08:30:02Z">
          <reporter-output>
          </reporter-output>
        </test-method> <!-- clickJackTest -->
        <test-method status="PASS" signature="tearDown()[pri:0, instance:automationFramework.TestCases.SecurityTest@3159c4b8]" name="tearDown" is-config="true" duration-ms="1054" started-at="2016-08-12T08:30:02Z" finished-at="2016-08-12T08:30:03Z">
          <reporter-output>
            <line>
              <![CDATA[TearDown Complete]]>
            </line>
          </reporter-output>
        </test-method> <!-- tearDown -->
        <test-method status="PASS" signature="setUp(java.lang.String)[pri:0, instance:automationFramework.TestCases.SecurityTest@3159c4b8]" name="setUp" is-config="true" duration-ms="2658" started-at="2016-08-12T08:30:03Z" finished-at="2016-08-12T08:30:05Z">
          <params>
            <param index="0">
              <value>
                <![CDATA[chrome.exe]]>
              </value>
            </param>
          </params>
          <reporter-output>
          </reporter-output>
        </test-method> <!-- setUp -->
        <test-method status="PASS" signature="creditCardDisplayTest()[pri:0, instance:automationFramework.TestCases.SecurityTest@3159c4b8]" name="creditCardDisplayTest" duration-ms="22553" started-at="2016-08-12T08:30:05Z" finished-at="2016-08-12T08:30:28Z">
          <reporter-output>
          </reporter-output>
        </test-method> <!-- creditCardDisplayTest -->
        <test-method status="PASS" signature="tearDown()[pri:0, instance:automationFramework.TestCases.SecurityTest@3159c4b8]" name="tearDown" is-config="true" duration-ms="1047" started-at="2016-08-12T08:30:28Z" finished-at="2016-08-12T08:30:29Z">
          <reporter-output>
            <line>
              <![CDATA[TearDown Complete]]>
            </line>
          </reporter-output>
        </test-method> <!-- tearDown -->
        <test-method status="PASS" signature="setUp(java.lang.String)[pri:0, instance:automationFramework.TestCases.SecurityTest@3159c4b8]" name="setUp" is-config="true" duration-ms="2973" started-at="2016-08-12T08:30:29Z" finished-at="2016-08-12T08:30:32Z">
          <params>
            <param index="0">
              <value>
                <![CDATA[chrome.exe]]>
              </value>
            </param>
          </params>
          <reporter-output>
          </reporter-output>
        </test-method> <!-- setUp -->
        <test-method status="PASS" signature="passwordMaskedTest()[pri:0, instance:automationFramework.TestCases.SecurityTest@3159c4b8]" name="passwordMaskedTest" duration-ms="18064" started-at="2016-08-12T08:30:32Z" finished-at="2016-08-12T08:30:50Z">
          <reporter-output>
          </reporter-output>
        </test-method> <!-- passwordMaskedTest -->
        <test-method status="PASS" signature="tearDown()[pri:0, instance:automationFramework.TestCases.SecurityTest@3159c4b8]" name="tearDown" is-config="true" duration-ms="1066" started-at="2016-08-12T08:30:50Z" finished-at="2016-08-12T08:30:51Z">
          <reporter-output>
            <line>
              <![CDATA[TearDown Complete]]>
            </line>
          </reporter-output>
        </test-method> <!-- tearDown -->
        <test-method status="PASS" signature="setUp(java.lang.String)[pri:0, instance:automationFramework.TestCases.SecurityTest@3159c4b8]" name="setUp" is-config="true" duration-ms="2961" started-at="2016-08-12T08:30:51Z" finished-at="2016-08-12T08:30:54Z">
          <params>
            <param index="0">
              <value>
                <![CDATA[chrome.exe]]>
              </value>
            </param>
          </params>
          <reporter-output>
          </reporter-output>
        </test-method> <!-- setUp -->
        <test-method status="PASS" signature="passwordRequirementsTest()[pri:0, instance:automationFramework.TestCases.SecurityTest@3159c4b8]" name="passwordRequirementsTest" duration-ms="18286" started-at="2016-08-12T08:30:54Z" finished-at="2016-08-12T08:31:12Z">
          <reporter-output>
          </reporter-output>
        </test-method> <!-- passwordRequirementsTest -->
        <test-method status="PASS" signature="tearDown()[pri:0, instance:automationFramework.TestCases.SecurityTest@3159c4b8]" name="tearDown" is-config="true" duration-ms="1055" started-at="2016-08-12T08:31:12Z" finished-at="2016-08-12T08:31:13Z">
          <reporter-output>
            <line>
              <![CDATA[TearDown Complete]]>
            </line>
          </reporter-output>
        </test-method> <!-- tearDown -->
        <test-method status="PASS" signature="setUp(java.lang.String)[pri:0, instance:automationFramework.TestCases.SecurityTest@3159c4b8]" name="setUp" is-config="true" duration-ms="3098" started-at="2016-08-12T08:31:13Z" finished-at="2016-08-12T08:31:16Z">
          <params>
            <param index="0">
              <value>
                <![CDATA[chrome.exe]]>
              </value>
            </param>
          </params>
          <reporter-output>
          </reporter-output>
        </test-method> <!-- setUp -->
        <test-method status="PASS" signature="sessionExpiresTest()[pri:0, instance:automationFramework.TestCases.SecurityTest@3159c4b8]" name="sessionExpiresTest" duration-ms="15427" started-at="2016-08-12T08:31:16Z" finished-at="2016-08-12T08:31:32Z">
          <reporter-output>
          </reporter-output>
        </test-method> <!-- sessionExpiresTest -->
        <test-method status="PASS" signature="tearDown()[pri:0, instance:automationFramework.TestCases.SecurityTest@3159c4b8]" name="tearDown" is-config="true" duration-ms="1041" started-at="2016-08-12T08:31:32Z" finished-at="2016-08-12T08:31:33Z">
          <reporter-output>
            <line>
              <![CDATA[TearDown Complete]]>
            </line>
          </reporter-output>
        </test-method> <!-- tearDown -->
      </class> <!-- automationFramework.TestCases.SecurityTest -->
    </test> <!-- ChromeTest -->
  </suite> <!-- Automation - Suite -->
</testng-results>
