<?xml version="1.0" encoding="UTF-8"?>
<testsuite name="ChromeTest"
           tests="6"
           failures="0"
           errors="0"
           skipped="0"
           time="110.394">
  <properties />
  
  
            <testcase name="passwordRequirementsTest" time="19.210" classname="automationFramework.TestCases.SecurityTest" />
                <testcase name="passwordMaskedTest" time="18.503" classname="automationFramework.TestCases.SecurityTest" />
                <testcase name="clickJackTest" time="26.386" classname="automationFramework.TestCases.SecurityTest" />
                <testcase name="accountLockoutTest" time="14.709" classname="automationFramework.TestCases.SecurityTest" />
                <testcase name="creditCardDisplayTest" time="18.385" classname="automationFramework.TestCases.SecurityTest" />
                <testcase name="sessionExpiresTest" time="13.201" classname="automationFramework.TestCases.SecurityTest" />
      
</testsuite>
