<?xml version="1.0" encoding="UTF-8"?>
<!-- Generated by org.testng.reporters.JUnitXMLReporter -->
<testsuite hostname="NACTS-081729" name="ChromeTest" tests="6" failures="0" timestamp="12 Aug 2016 15:31:33 GMT" time="167.665" errors="0">
  <testcase name="accountLockoutTest" time="35.971" classname="automationFramework.TestCases.SecurityTest"/>
  <testcase name="clickJackTest" time="26.931" classname="automationFramework.TestCases.SecurityTest"/>
  <testcase name="creditCardDisplayTest" time="22.553" classname="automationFramework.TestCases.SecurityTest"/>
  <testcase name="passwordMaskedTest" time="18.064" classname="automationFramework.TestCases.SecurityTest"/>
  <testcase name="passwordRequirementsTest" time="18.286" classname="automationFramework.TestCases.SecurityTest"/>
  <testcase name="sessionExpiresTest" time="15.427" classname="automationFramework.TestCases.SecurityTest"/>
</testsuite> <!-- ChromeTest -->
