<?xml version="1.0" encoding="UTF-8"?>
<testsuite name="ChromeTest"
           tests="6"
           failures="0"
           errors="0"
           skipped="0"
           time="137.232">
  <properties />
  
  
            <testcase name="sessionExpiresTest" time="15.427" classname="automationFramework.TestCases.SecurityTest" />
                <testcase name="creditCardDisplayTest" time="22.553" classname="automationFramework.TestCases.SecurityTest" />
                <testcase name="passwordRequirementsTest" time="18.286" classname="automationFramework.TestCases.SecurityTest" />
                <testcase name="accountLockoutTest" time="35.971" classname="automationFramework.TestCases.SecurityTest" />
                <testcase name="clickJackTest" time="26.931" classname="automationFramework.TestCases.SecurityTest" />
                <testcase name="passwordMaskedTest" time="18.064" classname="automationFramework.TestCases.SecurityTest" />
      
</testsuite>
